\BOOKMARK [1][-]{section.1}{\376\377\0001\000\040\000C\000h\000a\000p\000t\000e\000r\000\040\000A}{}% 1
\BOOKMARK [1][-]{section.2}{\376\377\0002\000\040\000C\000h\000a\000p\000t\000e\000r\000\040\000B}{}% 2
\BOOKMARK [2][-]{subsection.2.1}{\376\377\0002\000.\0001\000\040\000B\0001\000\040\000S\000i\000g\000n\000a\000l\000\040\000S\000i\000z\000e\000s}{section.2}% 3
\BOOKMARK [2][-]{subsection.2.2}{\376\377\0002\000.\0002\000\040\000B\0002\000\040\000L\000T\000I\000\040\000C\000h\000a\000n\000n\000e\000l}{section.2}% 4
\BOOKMARK [3][-]{subsubsection.2.2.1}{\376\377\0002\000.\0002\000.\0001\000\040\000C\000h\000a\000n\000n\000e\000l\000\040\000R\000e\000s\000p\000o\000n\000s\000e\000\040\000E\000q\000u\000a\000t\000i\000o\000n\000s}{subsection.2.2}% 5
\BOOKMARK [3][-]{subsubsection.2.2.2}{\376\377\0002\000.\0002\000.\0002\000\040\000C\000o\000n\000s\000t\000a\000n\000t\000\040\000G\000a\000i\000n\000\040\000a\000n\000d\000\040\000G\000r\000o\000u\000p\000\040\000D\000e\000l\000a\000y}{subsection.2.2}% 6
\BOOKMARK [3][-]{subsubsection.2.2.3}{\376\377\0002\000.\0002\000.\0003\000\040\000E\000q\000u\000a\000l\000i\000z\000e\000r\000\040\000F\000u\000n\000c\000t\000i\000o\000n}{subsection.2.2}% 7
\BOOKMARK [3][-]{subsubsection.2.2.4}{\376\377\0002\000.\0002\000.\0004\000\040\000N\000o\000i\000s\000e\000\040\000a\000n\000d\000\040\000F\000i\000l\000t\000e\000r\000i\000n\000g}{subsection.2.2}% 8
\BOOKMARK [2][-]{subsection.2.3}{\376\377\0002\000.\0003\000\040\000B\0003\000\040\000A\000n\000a\000l\000o\000g\000\040\000M\000o\000d\000u\000l\000a\000t\000i\000o\000n}{section.2}% 9
\BOOKMARK [3][-]{subsubsection.2.3.1}{\376\377\0002\000.\0003\000.\0001\000\040\000D\000S\000B\000-\000L\000C\000\040\000A\000M}{subsection.2.3}% 10
\BOOKMARK [3][-]{subsubsection.2.3.2}{\376\377\0002\000.\0003\000.\0002\000\040\000D\000S\000B\000-\000S\000C\000\040\000A\000M}{subsection.2.3}% 11
\BOOKMARK [3][-]{subsubsection.2.3.3}{\376\377\0002\000.\0003\000.\0003\000\040\000S\000S\000B\000-\000S\000C\000\040\000A\000M}{subsection.2.3}% 12
\BOOKMARK [3][-]{subsubsection.2.3.4}{\376\377\0002\000.\0003\000.\0004\000\040\000F\000M}{subsection.2.3}% 13
\BOOKMARK [3][-]{subsubsection.2.3.5}{\376\377\0002\000.\0003\000.\0005\000\040\000P\000M}{subsection.2.3}% 14
\BOOKMARK [2][-]{subsection.2.4}{\376\377\0002\000.\0004\000\040\000B\0004\000\040\000D\000i\000g\000i\000t\000a\000l\000\040\000M\000o\000d\000u\000l\000a\000t\000i\000o\000n}{section.2}% 15
\BOOKMARK [2][-]{subsection.2.5}{\376\377\0002\000.\0005\000\040\000B\0005\000\040\000I\000S\000I\000\040\000a\000n\000d\000\040\000A\000W\000G\000N}{section.2}% 16
\BOOKMARK [1][-]{section.3}{\376\377\0003\000\040\000C\000h\000a\000p\000t\000e\000r\000\040\000C\000\040\000N\000o\000t\000e\000s}{}% 17
\BOOKMARK [2][-]{subsection.3.1}{\376\377\0003\000.\0001\000\040\000C\0001\000\040\000P\000a\000r\000i\000t\000y\000\040\000C\000h\000e\000c\000k}{section.3}% 18
\BOOKMARK [2][-]{subsection.3.2}{\376\377\0003\000.\0002\000\040\000C\0002\000\040\000I\000n\000t\000e\000r\000n\000e\000t\000\040\000C\000h\000e\000c\000k\000s\000u\000m}{section.3}% 19
\BOOKMARK [2][-]{subsection.3.3}{\376\377\0003\000.\0003\000\040\000C\0003\000\040\000L\000i\000n\000e\000a\000r\000\040\000C\000o\000d\000e\000s}{section.3}% 20
\BOOKMARK [3][-]{subsubsection.3.3.1}{\376\377\0003\000.\0003\000.\0001\000\040\000I\000n\000t\000r\000o\000d\000u\000c\000t\000i\000o\000n\000\040\000t\000o\000\040\000H\000a\000m\000m\000i\000n\000g\000\040\000W\000e\000i\000g\000h\000t\000s}{subsection.3.3}% 21
\BOOKMARK [2][-]{subsection.3.4}{\376\377\0003\000.\0004\000\040\000C\0004\000\040\000L\000i\000n\000e\000a\000r\000\040\000C\000o\000d\000e\000s\000\040\000\050\000G\000e\000n\000e\000r\000a\000t\000o\000r\000\051}{section.3}% 22
\BOOKMARK [2][-]{subsection.3.5}{\376\377\0003\000.\0005\000\040\000A\000r\000i\000t\000h\000m\000e\000t\000i\000c\000\040\000i\000n\000\040\000G\000F\000\050\0002\000\051}{section.3}% 23
\BOOKMARK [3][-]{subsubsection.3.5.1}{\376\377\0003\000.\0005\000.\0001\000\040\000M\000u\000l\000t\000i\000p\000l\000i\000c\000a\000t\000i\000o\000n\000\040\000o\000f\000\040\000P\000o\000l\000y\000n\000o\000m\000i\000a\000l\000s\000\040\000i\000n\000\040\000G\000F\000\050\0002\000\051}{subsection.3.5}% 24
\BOOKMARK [3][-]{subsubsection.3.5.2}{\376\377\0003\000.\0005\000.\0002\000\040\000L\000o\000n\000g\000\040\000D\000i\000v\000i\000s\000i\000o\000n\000\040\000o\000f\000\040\000P\000o\000l\000y\000n\000o\000m\000i\000a\000l\000s\000\040\000i\000n\000\040\000G\000F\000\050\0002\000\051}{subsection.3.5}% 25
\BOOKMARK [2][-]{subsection.3.6}{\376\377\0003\000.\0006\000\040\000C\000y\000c\000l\000i\000c\000\040\000R\000e\000d\000u\000n\000d\000a\000n\000c\000y\000\040\000C\000h\000e\000c\000k}{section.3}% 26
\BOOKMARK [2][-]{subsection.3.7}{\376\377\0003\000.\0007\000\040\000A\000R\000Q\000\040\000a\000n\000d\000\040\000F\000E\000C}{section.3}% 27
\BOOKMARK [2][-]{subsection.3.8}{\376\377\0003\000.\0008\000\040\000C\000o\000d\000i\000n\000g\000\040\000G\000a\000i\000n\000\040\000i\000n\000\040\000A\000W\000G\000N\000\040\000C\000h\000a\000n\000n\000e\000l}{section.3}% 28
\BOOKMARK [2][-]{subsection.3.9}{\376\377\0003\000.\0009\000\040\000C\000h\000a\000p\000t\000e\000r\000\040\000C\000\040\000E\000x\000e\000r\000c\000i\000s\000e\000s}{section.3}% 29
\BOOKMARK [3][-]{subsubsection.3.9.1}{\376\377\0003\000.\0009\000.\0001\000\040\000P\000r\000o\000b\000l\000e\000m\000\040\000C\0001}{subsection.3.9}% 30
\BOOKMARK [3][-]{subsubsection.3.9.2}{\376\377\0003\000.\0009\000.\0002\000\040\000P\000r\000o\000b\000l\000e\000m\000\040\000C\0002}{subsection.3.9}% 31
\BOOKMARK [3][-]{subsubsection.3.9.3}{\376\377\0003\000.\0009\000.\0003\000\040\000P\000r\000o\000b\000l\000e\000m\000\040\000C\0003}{subsection.3.9}% 32
\BOOKMARK [3][-]{subsubsection.3.9.4}{\376\377\0003\000.\0009\000.\0004\000\040\000P\000r\000o\000b\000l\000e\000m\000\040\000C\0004}{subsection.3.9}% 33
\BOOKMARK [3][-]{subsubsection.3.9.5}{\376\377\0003\000.\0009\000.\0005\000\040\000P\000r\000o\000b\000l\000e\000m\000\040\000C\0005}{subsection.3.9}% 34
\BOOKMARK [3][-]{subsubsection.3.9.6}{\376\377\0003\000.\0009\000.\0006\000\040\000P\000r\000o\000b\000l\000e\000m\000\040\000C\0006}{subsection.3.9}% 35
\BOOKMARK [3][-]{subsubsection.3.9.7}{\376\377\0003\000.\0009\000.\0007\000\040\000P\000r\000o\000b\000l\000e\000m\000\040\000C\0007}{subsection.3.9}% 36
\BOOKMARK [3][-]{subsubsection.3.9.8}{\376\377\0003\000.\0009\000.\0008\000\040\000P\000r\000o\000b\000l\000e\000m\000\040\000C\0008}{subsection.3.9}% 37
